********************************************************************************
DUPLICATOR-LITE PACKAGE-LOG: 7 August, 2018 2:54 am
NOTICE: Do NOT post to public sites or forums 
********************************************************************************
VERSION:	1.2.40
WORDPRESS:	4.9.8
PHP INFO:	7.2.6 | SAPI: apache2handler
SERVER:		Apache/2.4.33 (Win32) OpenSSL/1.1.0h PHP/7.2.6 
PHP TIME LIMIT: (0) no time limit imposed 
PHP MAX MEMORY: 2048M (128M default) 
MEMORY STACK: 10MB 

********************************************************************************
DATABASE:
********************************************************************************
BUILD MODE:   MYSQLDUMP
MYSQLTIMEOUT: 5000
MYSQLDUMP:    Is Supported 
FILTERED: [] 
RESPONSE: Ran from D:/xampp/mysql/bin/mysqldump.exe 
TABLES: total:15 | filtered:0 | create:15 
SQL CREATED: 20180807_kientrucdailoc_35fa13efb591400f8468180807025325_database.sql 
SQL FILE SIZE: 524.56KB (537153) 
SQL FILE TIME: 2018-08-07 02:54:36 
SQL RUNTIME: 2.94 sec. 

******************************************************************************** 
ARCHIVE (ZIP): 
******************************************************************************** 
ARCHIVE DIR:  D:/xampp/htdocs/dailoc 
ARCHIVE FILE: 20180807_kientrucdailoc_35fa13efb591400f8468180807025325_archive.zip 
FILTERS: *OFF* 
DIRS:
	not set 
FILES:
	not set 
EXTS:  not set 
---------------------------------------- 
COMPRESSING 
SIZE:	66.87MB 
STATS:	Dirs 670 | Files 4,416 
SQL ADDED: 20180807_kientrucdailoc_35fa13efb591400f8468180807025325_database.sql 
ZipArchive Object
(
    [status] => 0
    [statusSys] => 0
    [numFiles] => 5086
    [filename] => D:\xampp\htdocs\dailoc\wp-snapshots\tmp\20180807_kientrucdailoc_35fa13efb591400f8468180807025325_archive.zip
    [comment] => 
)
 
COMPRESSION RESULT: '1' 
COMPRESSED SIZE: 26.05MB 
ARCHIVE RUNTIME: 310.44 sec. 
MEMORY STACK: 12MB 

******************************************************************************** 
MAKE INSTALLER: 
******************************************************************************** 
Build Start 
Build Finished 
Preping for use 
PACK SIZE:  
Template parsed with new data 
Complete [D:/xampp/htdocs/dailoc/wp-snapshots/tmp/20180807_kientrucdailoc_35fa13efb591400f8468180807025325_installer.php] 
Added to archive 

******************************************************************************** 
INTEGRITY CHECKS: 
******************************************************************************** 
SQL File: 524.56KB 
Installer File: 445.88KB 
Archive File: 26.05MB  

********************************************************************************
RECORD ID:[1]
TOTAL PROCESS RUNTIME: 329.01 sec.
PEAK PHP MEMORY USED: 12MB
DONE PROCESSING => 20180807_kientrucdailoc 7 August, 2018 3:00 am
 
